************* Module greenwire
greenwire.py:1308:0: C0301: Line too long (106/100) (line-too-long)
greenwire.py:1319:0: C0301: Line too long (104/100) (line-too-long)
greenwire.py:1:0: C0302: Too many lines in module (1345/1000) (too-many-lines)
greenwire.py:1:0: C0114: Missing module docstring (missing-module-docstring)
greenwire.py:60:13: W1514: Using open without explicitly specifying an encoding (unspecified-encoding)
greenwire.py:116:23: W0718: Catching too general exception Exception (broad-exception-caught)
greenwire.py:119:4: C0116: Missing function or method docstring (missing-function-docstring)
greenwire.py:133:4: C0116: Missing function or method docstring (missing-function-docstring)
greenwire.py:136:4: C0116: Missing function or method docstring (missing-function-docstring)
greenwire.py:139:4: C0116: Missing function or method docstring (missing-function-docstring)
greenwire.py:150:4: C0116: Missing function or method docstring (missing-function-docstring)
greenwire.py:158:4: C0116: Missing function or method docstring (missing-function-docstring)
greenwire.py:163:4: C0116: Missing function or method docstring (missing-function-docstring)
greenwire.py:167:4: C0116: Missing function or method docstring (missing-function-docstring)
greenwire.py:171:4: C0116: Missing function or method docstring (missing-function-docstring)
greenwire.py:182:4: C0116: Missing function or method docstring (missing-function-docstring)
greenwire.py:187:4: C0116: Missing function or method docstring (missing-function-docstring)
greenwire.py:200:4: C0116: Missing function or method docstring (missing-function-docstring)
greenwire.py:203:4: C0116: Missing function or method docstring (missing-function-docstring)
greenwire.py:212:4: C0116: Missing function or method docstring (missing-function-docstring)
greenwire.py:219:4: C0116: Missing function or method docstring (missing-function-docstring)
greenwire.py:222:4: C0116: Missing function or method docstring (missing-function-docstring)
greenwire.py:225:4: C0116: Missing function or method docstring (missing-function-docstring)
greenwire.py:152:12: W0201: Attribute 'replay_pairs' defined outside __init__ (attribute-defined-outside-init)
greenwire.py:165:12: W0201: Attribute 'replay_pairs' defined outside __init__ (attribute-defined-outside-init)
greenwire.py:173:12: W0201: Attribute 'suspicious_events' defined outside __init__ (attribute-defined-outside-init)
greenwire.py:195:12: W0201: Attribute 'suspicious_events' defined outside __init__ (attribute-defined-outside-init)
greenwire.py:273:20: W4701: Iterated list 'terminal_commands' is being modified inside for loop body, consider iterating through a copy of it instead. (modified-iterating-list)
greenwire.py:267:19: W0718: Catching too general exception Exception (broad-exception-caught)
greenwire.py:260:16: W1203: Use lazy % formatting in logging functions (logging-fstring-interpolation)
greenwire.py:268:16: W1203: Use lazy % formatting in logging functions (logging-fstring-interpolation)
greenwire.py:281:19: W0718: Catching too general exception Exception (broad-exception-caught)
greenwire.py:282:16: W1203: Use lazy % formatting in logging functions (logging-fstring-interpolation)
greenwire.py:304:8: W1203: Use lazy % formatting in logging functions (logging-fstring-interpolation)
greenwire.py:301:39: W0613: Unused argument 'cap_file' (unused-argument)
greenwire.py:301:49: W0613: Unused argument 'package_aid' (unused-argument)
greenwire.py:301:62: W0613: Unused argument 'applet_aid' (unused-argument)
greenwire.py:306:38: W0613: Unused argument 'command' (unused-argument)
greenwire.py:321:15: W0718: Catching too general exception Exception (broad-exception-caught)
greenwire.py:319:17: W1514: Using open without explicitly specifying an encoding (unspecified-encoding)
greenwire.py:322:12: W1203: Use lazy % formatting in logging functions (logging-fstring-interpolation)
greenwire.py:340:19: W0718: Catching too general exception Exception (broad-exception-caught)
greenwire.py:341:16: W1203: Use lazy % formatting in logging functions (logging-fstring-interpolation)
greenwire.py:344:0: C0115: Missing class docstring (missing-class-docstring)
greenwire.py:356:4: C0116: Missing function or method docstring (missing-function-docstring)
greenwire.py:365:15: W0718: Catching too general exception Exception (broad-exception-caught)
greenwire.py:362:16: W1203: Use lazy % formatting in logging functions (logging-fstring-interpolation)
greenwire.py:366:12: W1203: Use lazy % formatting in logging functions (logging-fstring-interpolation)
greenwire.py:370:4: C0116: Missing function or method docstring (missing-function-docstring)
greenwire.py:372:8: W1203: Use lazy % formatting in logging functions (logging-fstring-interpolation)
greenwire.py:370:43: W0613: Unused argument 'package_aid' (unused-argument)
greenwire.py:370:56: W0613: Unused argument 'applet_aid' (unused-argument)
greenwire.py:376:4: C0116: Missing function or method docstring (missing-function-docstring)
greenwire.py:379:4: C0116: Missing function or method docstring (missing-function-docstring)
greenwire.py:387:15: W0718: Catching too general exception Exception (broad-exception-caught)
greenwire.py:381:21: W1510: 'subprocess.run' used without explicitly defining the value for 'check'. (subprocess-run-check)
greenwire.py:385:17: W1514: Using open without explicitly specifying an encoding (unspecified-encoding)
greenwire.py:388:12: W1203: Use lazy % formatting in logging functions (logging-fstring-interpolation)
greenwire.py:391:0: C0115: Missing class docstring (missing-class-docstring)
greenwire.py:403:4: C0116: Missing function or method docstring (missing-function-docstring)
greenwire.py:412:15: W0718: Catching too general exception Exception (broad-exception-caught)
greenwire.py:413:12: W1203: Use lazy % formatting in logging functions (logging-fstring-interpolation)
greenwire.py:403:39: W0613: Unused argument 'cap_file' (unused-argument)
greenwire.py:403:49: W0613: Unused argument 'package_aid' (unused-argument)
greenwire.py:403:62: W0613: Unused argument 'applet_aid' (unused-argument)
greenwire.py:417:4: C0116: Missing function or method docstring (missing-function-docstring)
greenwire.py:424:15: W0718: Catching too general exception Exception (broad-exception-caught)
greenwire.py:425:12: W1203: Use lazy % formatting in logging functions (logging-fstring-interpolation)
greenwire.py:429:4: C0116: Missing function or method docstring (missing-function-docstring)
greenwire.py:438:15: W0718: Catching too general exception Exception (broad-exception-caught)
greenwire.py:435:16: W1203: Use lazy % formatting in logging functions (logging-fstring-interpolation)
greenwire.py:439:12: W1203: Use lazy % formatting in logging functions (logging-fstring-interpolation)
greenwire.py:443:4: C0116: Missing function or method docstring (missing-function-docstring)
greenwire.py:445:8: W1203: Use lazy % formatting in logging functions (logging-fstring-interpolation)
greenwire.py:443:43: W0613: Unused argument 'package_aid' (unused-argument)
greenwire.py:443:56: W0613: Unused argument 'applet_aid' (unused-argument)
greenwire.py:449:4: C0116: Missing function or method docstring (missing-function-docstring)
greenwire.py:452:4: C0116: Missing function or method docstring (missing-function-docstring)
greenwire.py:460:15: W0718: Catching too general exception Exception (broad-exception-caught)
greenwire.py:454:21: W1510: 'subprocess.run' used without explicitly defining the value for 'check'. (subprocess-run-check)
greenwire.py:458:17: W1514: Using open without explicitly specifying an encoding (unspecified-encoding)
greenwire.py:461:12: W1203: Use lazy % formatting in logging functions (logging-fstring-interpolation)
greenwire.py:464:0: C0115: Missing class docstring (missing-class-docstring)
greenwire.py:476:4: C0116: Missing function or method docstring (missing-function-docstring)
greenwire.py:484:15: W0718: Catching too general exception Exception (broad-exception-caught)
greenwire.py:485:12: W1203: Use lazy % formatting in logging functions (logging-fstring-interpolation)
greenwire.py:476:48: W0613: Unused argument 'package_aid' (unused-argument)
greenwire.py:476:61: W0613: Unused argument 'applet_aid' (unused-argument)
greenwire.py:491:4: C0116: Missing function or method docstring (missing-function-docstring)
greenwire.py:493:8: W1203: Use lazy % formatting in logging functions (logging-fstring-interpolation)
greenwire.py:495:4: C0116: Missing function or method docstring (missing-function-docstring)
greenwire.py:497:8: W1203: Use lazy % formatting in logging functions (logging-fstring-interpolation)
greenwire.py:501:4: C0116: Missing function or method docstring (missing-function-docstring)
greenwire.py:508:15: W0718: Catching too general exception Exception (broad-exception-caught)
greenwire.py:509:12: W1203: Use lazy % formatting in logging functions (logging-fstring-interpolation)
greenwire.py:513:4: C0116: Missing function or method docstring (missing-function-docstring)
greenwire.py:522:15: W0718: Catching too general exception Exception (broad-exception-caught)
greenwire.py:519:16: W1203: Use lazy % formatting in logging functions (logging-fstring-interpolation)
greenwire.py:523:12: W1203: Use lazy % formatting in logging functions (logging-fstring-interpolation)
greenwire.py:527:4: C0116: Missing function or method docstring (missing-function-docstring)
greenwire.py:529:8: W1203: Use lazy % formatting in logging functions (logging-fstring-interpolation)
greenwire.py:527:43: W0613: Unused argument 'package_aid' (unused-argument)
greenwire.py:527:56: W0613: Unused argument 'applet_aid' (unused-argument)
greenwire.py:533:4: C0116: Missing function or method docstring (missing-function-docstring)
greenwire.py:536:4: C0116: Missing function or method docstring (missing-function-docstring)
greenwire.py:544:15: W0718: Catching too general exception Exception (broad-exception-caught)
greenwire.py:538:21: W1510: 'subprocess.run' used without explicitly defining the value for 'check'. (subprocess-run-check)
greenwire.py:542:17: W1514: Using open without explicitly specifying an encoding (unspecified-encoding)
greenwire.py:545:12: W1203: Use lazy % formatting in logging functions (logging-fstring-interpolation)
greenwire.py:587:19: W0718: Catching too general exception Exception (broad-exception-caught)
greenwire.py:582:16: W1203: Use lazy % formatting in logging functions (logging-fstring-interpolation)
greenwire.py:584:16: W1203: Use lazy % formatting in logging functions (logging-fstring-interpolation)
greenwire.py:588:16: W1203: Use lazy % formatting in logging functions (logging-fstring-interpolation)
greenwire.py:602:8: W1203: Use lazy % formatting in logging functions (logging-fstring-interpolation)
greenwire.py:617:8: W1203: Use lazy % formatting in logging functions (logging-fstring-interpolation)
greenwire.py:629:8: W1203: Use lazy % formatting in logging functions (logging-fstring-interpolation)
greenwire.py:638:8: W1203: Use lazy % formatting in logging functions (logging-fstring-interpolation)
greenwire.py:737:13: W1514: Using open without explicitly specifying an encoding (unspecified-encoding)
greenwire.py:747:13: W1514: Using open without explicitly specifying an encoding (unspecified-encoding)
greenwire.py:769:12: W1203: Use lazy % formatting in logging functions (logging-fstring-interpolation)
greenwire.py:771:12: W1203: Use lazy % formatting in logging functions (logging-fstring-interpolation)
greenwire.py:773:4: R0914: Too many local variables (16/15) (too-many-locals)
greenwire.py:803:19: W0718: Catching too general exception Exception (broad-exception-caught)
greenwire.py:804:16: W1203: Use lazy % formatting in logging functions (logging-fstring-interpolation)
greenwire.py:846:12: W1203: Use lazy % formatting in logging functions (logging-fstring-interpolation)
greenwire.py:856:16: W1203: Use lazy % formatting in logging functions (logging-fstring-interpolation)
greenwire.py:872:16: R1705: Unnecessary "else" after "return", remove the "else" and de-indent the code inside it (no-else-return)
greenwire.py:881:16: W1203: Use lazy % formatting in logging functions (logging-fstring-interpolation)
greenwire.py:808:0: R0903: Too few public methods (1/2) (too-few-public-methods)
greenwire.py:922:8: W1203: Use lazy % formatting in logging functions (logging-fstring-interpolation)
greenwire.py:984:0: C0116: Missing function or method docstring (missing-function-docstring)
greenwire.py:984:0: R0914: Too many local variables (36/15) (too-many-locals)
greenwire.py:1187:17: W1514: Using open without explicitly specifying an encoding (unspecified-encoding)
greenwire.py:1264:12: C0103: Variable name "ENCRYPTED_CAP_FILE" doesn't conform to snake_case naming style (invalid-name)
greenwire.py:1314:12: R1723: Unnecessary "else" after "break", remove the "else" and de-indent the code inside it (no-else-break)
greenwire.py:984:0: R0912: Too many branches (37/12) (too-many-branches)
greenwire.py:984:0: R0915: Too many statements (146/50) (too-many-statements)
greenwire.py:1304:12: W0612: Unused variable 'attempt' (unused-variable)

------------------------------------------------------------------
Your code has been rated at 7.81/10 (previous run: 7.77/10, +0.04)

